c: 0___-0Lev1___-8___-8Lev1___-10___-10Lev1___-16___-16Lev1___-20___
a: 1___-1Lev1___-____-________-_____-_________-_____-_________-_____
c: 0___-0Lev1___-____-________-_____-_________-_____-_________-_____
a: 1___-1Lev1___-6___-6Lev1___-_____-_________-_____-_________-_____
o: 2___-2Lev1___-____-________-_____-_________-_____-_________-_____
_: 3___-3Lev1___-4___-4Lev1___-_____-_________-_____-_________-_____
c: 0___-0Lev1___-____-________-_____-_________-_____-_________-_____
a: 1___-1Lev1___-5___-5Lev1___-11___-11Lev1___-_____-_________-_____
c: 0___-0Lev1___-____-________-_____-_________-_____-_________-_____
a: 1___-1Lev1___-6___-6Lev1___-_____-_________-_____-_________-_____
o: 2___-2Lev1___-____-________-_____-_________-_____-_________-_____
_: 3___-3Lev1___-4___-4Lev1___-12___-12Lev1___-17___-17Lev1___-_____
c: 0___-0Lev1___-____-________-_____-_________-_____-_________-_____
a: 1___-1Lev1___-5___-5Lev1___-_____-_________-_____-_________-_____
c: 0___-0Lev1___-____-________-_____-_________-_____-_________-_____
a: 1___-1Lev1___-6___-6Lev1___-13___-13Lev1___-_____-_________-_____
o: 2___-2Lev1___-____-________-_____-_________-_____-_________-_____
_: 3___-3Lev1___-4___-4Lev1___-_____-_________-_____-_________-_____
c: 0___-0Lev1___-____-________-_____-_________-_____-_________-_____
a: 1___-1Lev1___-5___-5Lev1___-14___-15_______-18___-18Lev1___-_____
c: 0___-0Lev1___-____-________-_____-_________-_____-_________-_____
a: 1___-1Lev1___-6___-6Lev1___-_____-_________-_____-_________-_____
o: 2___-2Lev1___-____-________-_____-_________-_____-_________-_____
_: 3___-3Lev1___-4___-4Lev1___-_____-_________-_____-_________-_____
c: 0___-0Lev1___-____-________-_____-_________-_____-_________-_____
a: 1___-1Lev1___-5___-5Lev1___-14___-_________-_____-_________-_____
c: 0___-0Lev1___-____-________-_____-_________-_____-_________-_____
a: 1___-1Lev1___-6___-6Lev1___-_____-_________-_____-_________-_____
o: 2___-2Lev1___-____-________-_____-_________-_____-_________-_____
_: 3___-3Lev1___-4___-4Lev1___-_____-_________-_____-_________-_____
c: 0___-0Lev1___-____-________-_____-_________-_____-_________-_____
a: 1___-1Lev1___-5___-5Lev1___-14___-_________-_____-_________-_____
c: 0___-0Lev1___-____-________-_____-_________-_____-_________-_____
a: 1___-1Lev1___-6___-6Lev1___-_____-_________-_____-_________-_____
o: 2___-2Lev1___-____-________-_____-_________-_____-_________-_____
_: 3___-3Lev1___-4___-4Lev1___-_____-_________-_____-_________-_____
c: 0___-0Lev1___-____-________-_____-_________-_____-_________-_____
a: 1___-1Lev1___-5___-5Lev1___-11___-11Lev1___-_____-_________-_____
c: 0___-0Lev1___-____-________-_____-_________-_____-_________-_____
a: 1___-1Lev1___-6___-6Lev1___-_____-_________-_____-_________-_____
o: 2___-2Lev1___-____-________-_____-_________-_____-_________-_____
